{"level":"info","message":"Request:  /","timestamp":"2014-08-19T01:42:19.578Z"}
{"level":"info","message":"Request:  /test","timestamp":"2014-08-19T01:42:35.052Z"}
{"level":"info","message":"Request:  /test","timestamp":"2014-08-19T01:42:35.318Z"}
{"level":"info","message":"Request:  /test","timestamp":"2014-08-19T01:44:54.171Z"}
{"level":"info","message":"Request:  /test","timestamp":"2014-08-19T01:45:41.478Z"}
{"level":"info","message":"Request:  /test","timestamp":"2014-08-19T01:45:42.362Z"}
{"level":"info","message":"Request:  /test","timestamp":"2014-08-19T01:45:42.930Z"}
{"level":"info","message":"Request:  /test","timestamp":"2014-08-19T01:45:43.100Z"}
{"level":"info","message":"Request:  /test","timestamp":"2014-08-19T01:45:55.335Z"}
{"level":"info","message":"Request:  /","timestamp":"2014-08-19T01:56:05.002Z"}
{"level":"info","message":"Request:  /test","timestamp":"2014-08-19T01:56:12.224Z"}
{"level":"info","message":"Request:  /","timestamp":"2014-08-19T02:00:33.609Z"}
{"level":"info","message":"Request:  /about","timestamp":"2014-08-19T02:00:38.076Z"}
{"level":"info","message":"Request:  /","timestamp":"2014-08-19T02:43:49.554Z"}
{"level":"info","message":"Request:  /test","timestamp":"2014-08-19T02:43:51.240Z"}
{"level":"info","message":"Request:  /","timestamp":"2014-08-19T03:11:00.250Z"}
{"level":"info","message":"Request:  /test","timestamp":"2014-08-19T03:11:05.944Z"}
{"level":"info","message":"Request:  /","timestamp":"2014-08-19T03:22:44.858Z"}
{"level":"info","message":"Request:  /test","timestamp":"2014-08-19T03:22:51.475Z"}
{"level":"info","message":"Request:  /","timestamp":"2014-08-19T03:37:12.193Z"}
{"level":"info","message":"Request:  /test","timestamp":"2014-08-19T03:37:17.569Z"}
{"code":"MODULE_NOT_FOUND","level":"error","message":"Something went wrong : ","timestamp":"2014-08-19T03:37:17.571Z"}
{"level":"info","message":"Request:  /test","timestamp":"2014-08-19T03:38:18.709Z"}
{"level":"info","message":"Request:  /","timestamp":"2014-08-19T03:42:47.330Z"}
{"level":"info","message":"Request:  /test","timestamp":"2014-08-19T03:42:50.505Z"}
{"level":"info","message":"Request:  /test","timestamp":"2014-08-19T03:43:28.784Z"}
{"level":"info","message":"Request:  /test","timestamp":"2014-08-19T03:44:14.006Z"}
{"level":"info","message":"Request:  /test","timestamp":"2014-08-19T03:45:22.432Z"}
{"level":"info","message":"Request:  /test","timestamp":"2014-08-19T03:45:50.355Z"}
{"level":"info","message":"Request:  /test","timestamp":"2014-08-19T03:46:38.494Z"}
{"level":"info","message":"Request:  /test","timestamp":"2014-08-19T03:47:30.532Z"}
{"level":"info","message":"Request:  /test","timestamp":"2014-08-19T03:47:47.122Z"}
{"level":"info","message":"Request:  /test","timestamp":"2014-08-19T03:52:04.996Z"}
{"level":"info","message":"Request:  /test","timestamp":"2014-08-19T03:53:38.868Z"}
{"level":"info","message":"Request:  /test","timestamp":"2014-08-19T04:07:00.189Z"}
{"level":"error","message":"Something went wrong : ","timestamp":"2014-08-19T04:07:00.439Z"}
{"level":"info","message":"Request:  /test","timestamp":"2014-08-19T04:08:25.811Z"}
{"level":"error","message":"Something went wrong : ","timestamp":"2014-08-19T04:08:25.814Z"}
{"level":"info","message":"Request:  /test","timestamp":"2014-08-19T04:17:18.684Z"}
{"level":"error","message":"Something went wrong : ","timestamp":"2014-08-19T04:17:18.692Z"}
{"level":"info","message":"Request:  /test","timestamp":"2014-08-19T04:18:02.718Z"}
{"level":"error","message":"Something went wrong : ","timestamp":"2014-08-19T04:18:02.721Z"}
{"level":"info","message":"Request:  /test","timestamp":"2014-08-19T04:21:06.123Z"}
{"level":"error","message":"Something went wrong : ","timestamp":"2014-08-19T04:21:06.126Z"}
{"level":"info","message":"Request:  /test","timestamp":"2014-08-19T04:26:35.999Z"}
{"level":"error","message":"Something went wrong : ","timestamp":"2014-08-19T04:26:36.002Z"}
{"level":"info","message":"Request:  /test","timestamp":"2014-08-19T04:27:30.556Z"}
{"level":"error","message":"Something went wrong : ","timestamp":"2014-08-19T04:27:30.559Z"}
{"level":"info","message":"Request:  /test","timestamp":"2014-08-19T04:28:19.676Z"}
{"level":"error","message":"Something went wrong : ","timestamp":"2014-08-19T04:28:19.680Z"}
{"level":"info","message":"Request:  /test","timestamp":"2014-08-19T04:29:29.635Z"}
{"level":"info","message":"Request:  /test","timestamp":"2014-08-19T04:32:22.402Z"}
{"level":"info","message":"Request:  /test","timestamp":"2014-08-19T05:24:49.296Z"}
